<?xml version="1.0" encoding="UTF-8"?>
<!-- Generated by org.testng.reporters.JUnitReportReporter -->
<testsuite hostname="LAPTOP-FCOGTV1A" failures="0" tests="1" name="maven3.TestNG" time="0.003" errors="0" timestamp="2021-03-18T21:56:00 EDT" skipped="0">
  <testcase classname="maven3.TestNG" name="test" time="0.003"/>
  <system-out/>
</testsuite> <!-- maven3.TestNG -->
